1001858205 3 ["PQZ","HXR","BKZ","XNZ","JRG","CKK"]
1005292976 3 ["CDF","ZZZ","BKZ","CDL","SCH","XLZ"]
1009552692 3 ["JLG","ZZZ","BKZ","XCN","KJZ","JPL"]
1010617621 3 ["PQZ","ZZZ","BKZ","BRB","RPM","NBP"]
1011922534 3 ["CGG","NDH","BKZ","XNZ","KJZ","FFF"]
1012405898 3 ["QLF","ZZZ","MQT","XNZ","XSK","XLZ"]
1025646619 3 ["SPC","LLS","BKZ","XNZ","HPH","XLZ"]
1030188203 3 ["DTF","ZZZ","XPL","XVP","KJZ","XLZ"]
1033611088 3 ["PQZ","GRF","BKZ","PSD","DGN","XLZ"]
1037990796 3 ["PQZ","CLX","BKZ","BJP","KJZ","GKL"]
1038486612 3 ["PQZ","ZZZ","VBJ","XMG","QFF","XLZ"]
1039370704 3 ["GSM","ZZZ","BKZ","XNZ","VFR","SPT"]
1040924374 3 ["PQZ","CLX","XGT","XNZ","MMH","XLZ"]
1042886979 3 ["PQZ","ZZZ","TTG","MBT","KJZ","JJF"]
1046016959 3 ["BTH","PNT","NCT","XNZ","KJZ","XLZ"]
1048655085 3 ["LXX","SXL","BKZ","DRH","KJZ","XLZ"]
1059207589 3 ["PQZ","KBB","PVG","GFQ","KJZ","XLZ"]
1065109837 3 ["SBD","ZZZ","VBJ","XNZ","KJZ","RJK"]
1068123787 3 ["VQC","ZZZ","BKZ","JLP","FJC","XLZ"]
1068648752 3 ["PQZ","CFL","BKZ","XNZ","RLL","KLF"]
1073689548 3 ["PQZ","ZZZ","TSV","XNZ","LDC","DGL"]
1079628020 3 ["JLG","SFL","BKZ","XNZ","GXC","XLZ"]
1084202715 3 ["XNH","JDV","BKZ","XNZ","KJZ","JNQ"]
1084720605 3 ["BKM","ZZZ","PJJ","XNZ","HQS","XLZ"]
1088357438 3 ["PQZ","ZZZ","BKZ","DKL","JRG","GSJ"]
1093682083 3 ["XND","ZZZ","BKZ","VBV","KJZ","GVJ"]
1095112931 3 ["PQZ","MFB","BJG","XNZ","KJZ","PXV"]
1098211781 3 ["PQZ","RJX","BKZ","PST","BLX","XLZ"]
1104331373 3 ["BBS","ZZZ","BKZ","XNZ","XRS","RGG"]
1115276115 3 ["PQZ","VBF","QNN","XNZ","KPK","XLZ"]
1118565424 3 ["BBS","MCT","BKZ","CFM","KJZ","XLZ"]
1123841676 3 ["BPP","ZZZ","HKH","VKB","KJZ","XLZ"]
1124490029 3 ["PQZ","KPC","BKZ","XHH","KJZ","QNM"]
1125027163 3 ["PQZ","ZZZ","XDQ","CVD","TDJ","XLZ"]
1126479802 3 ["DTF","XXD","KBM","XNZ","KJZ","XLZ"]
1130954598 3 ["VLX","ZZZ","BKZ","LXT","KCG","XLZ"]
1133609421 3 ["DRD","CFL","BKZ","XNZ","CXJ","XLZ"]
1135439299 3 ["PQZ","HQP","BKZ","XNZ","BGM","GCK"]
1155499188 3 ["PQZ","SFL","XPK","VHJ","KJZ","XLZ"]
1156482896 3 ["BPP","FPH","BKZ","XNZ","KJZ","SLG"]
1157035312 3 ["VND","ZZZ","NQM","XNZ","QCC","XLZ"]
1158763310 3 ["PQZ","ZZZ","CHX","GFQ","KJZ","RJK"]
1161938004 3 ["XMX","ZZZ","QNN","XNZ","KJZ","HTJ"]
1162812474 3 ["PQZ","NFN","BKZ","TBR","DVT","XLZ"]
1163163677 3 ["PQZ","ZZZ","XPK","XNZ","KLT","LVC"]
1166097255 3 ["PQZ","ZZZ","BKZ","DTV","LVX","BDR"]
1169292042 3 ["DPC","ZZZ","BKZ","XNZ","GCM","HXS"]
1177811474 3 ["MBR","ZZZ","BKZ","PST","KJZ","GKL"]
1187590822 3 ["MLX","VBF","BKZ","XNZ","GRP","XLZ"]
1188475763 3 ["PGV","RHM","BKZ","RXB","KJZ","XLZ"]
1189627856 3 ["PQZ","QNV","XDQ","XNZ","JFN","XLZ"]
1193785409 3 ["PKK","ZZZ","BKZ","TDX","BFD","XLZ"]
1194668652 3 ["PQZ","KMK","QKV","XNZ","KJZ","NBP"]
1202229846 3 ["PQZ","KPC","BKZ","XNZ","QTD","XLM"]
1206942645 3 ["PSG","SKN","DCV","XNZ","KJZ","XLZ"]
1210989262 3 ["PQZ","MFB","BKZ","BRB","KJZ","TCL"]
1211567714 3 ["PQZ","ZZZ","BBJ","RCD","KPK","XLZ"]
1217495149 3 ["VLX","ZZZ","SHD","QKN","KJZ","XLZ"]
1227413167 3 ["PQZ","HRP","BKZ","BPC","XSK","XLZ"]
1228763077 3 ["BDB","GNX","BKZ","XNZ","KJZ","QMJ"]
1229350019 3 ["XTK","ZZZ","KNV","XNZ","GDT","XLZ"]
1234252711 3 ["RXF","ZZZ","BKZ","XNZ","DCN","HTJ"]
1241572223 3 ["GHQ","TML","BKZ","XNZ","GCM","XLZ"]
1243837072 3 ["PQZ","ZZZ","BKZ","NMR","VNN","HHB"]
1251790787 3 ["PQZ","DHB","XVB","DTV","KJZ","XLZ"]
1252637806 3 ["PQZ","ZZZ","SHD","XNZ","QGT","BDR"]
1256616220 3 ["RCF","ZZZ","BKZ","NDF","JRG","XLZ"]
1258386102 3 ["PKK","QNV","BKZ","GHT","KJZ","XLZ"]
1258766171 3 ["DPC","ZZZ","NNP","XNZ","KJZ","STT"]
1261940865 3 ["DTF","ZZZ","BKZ","TJB","KJZ","NBP"]
1263979597 3 ["PQZ","SCT","NSS","XNZ","JGT","XLZ"]
1269020393 3 ["PQZ","GJT","BKZ","XNZ","LFH","NBP"]
1274639641 3 ["PQZ","ZZZ","XCT","PST","KJZ","KLF"]
1287405488 3 ["PCM","GJT","SHD","XNZ","KJZ","XLZ"]
1292013860 3 ["PQZ","LPH","BKZ","CJJ","RJD","XLZ"]
1294224373 3 ["PQZ","VBF","DNF","XNZ","KJZ","VPH"]
1295553624 3 ["BDB","NBB","BKZ","XNZ","PRT","XLZ"]
1297488495 3 ["PQZ","XKB","BKZ","XVP","KJZ","DTB"]
1298108265 3 ["PQZ","ZZZ","DLL","GHT","VFR","XLZ"]
1299213380 3 ["SCX","ZZZ","BKZ","XNZ","KCG","TCJ"]
1301043258 3 ["RXF","SXL","BKZ","XNZ","KJZ","DCC"]
1301664726 3 ["XCD","ZZZ","TTG","XNZ","XSF","XLZ"]
1311148622 3 ["BBS","ZZZ","KLR","JNX","KJZ","XLZ"]
1319447031 3 ["PNH","ZZZ","BKZ","XVP","QFF","XLZ"]
1321576889 3 ["PQZ","ZZZ","BKZ","NDF","BGX","NXX"]
1328296441 3 ["CDF","SQB","BKZ","PBL","KJZ","XLZ"]
1335810940 3 ["PQZ","MCT","BKZ","XNZ","DVT","FFF"]
1338331338 3 ["PQZ","DHB","CHX","XNZ","HFM","XLZ"]
1342111935 3 ["PQZ","ZZZ","TPL","XNZ","XMB","FMG"]
1346070256 3 ["NMC","ZZZ","BKZ","CVV","KJZ","RJK"]
1348082386 3 ["PQZ","MHF","JHV","CVD","KJZ","XLZ"]
1349535025 3 ["DTF","RJX","BKZ","XNZ","RXL","XLZ"]
1355594338 3 ["BPP","ZZZ","GFC","XNZ","KJZ","NBP"]
1356614553 3 ["PQZ","PNT","BKZ","GFQ","RPM","XLZ"]
1364174049 3 ["VLX","ZZZ","BKZ","XNZ","LDC","XLM"]
1367868331 3 ["XND","NBB","PBF","XNZ","KJZ","XLZ"]
1373323439 3 ["GSM","GRF","BKZ","XNZ","KJZ","GVJ"]
1373979433 3 ["PDV","ZZZ","KLR","XNZ","CNH","XLZ"]
1382277842 3 ["PGV","ZZZ","BKZ","PBL","QCS","XLZ"]
1383987728 3 ["PQZ","TJF","BKZ","DFT","KJZ","PXV"]
1384648816 3 ["PQZ","ZZZ","TSV","KHM","BFH","XLZ"]
1390515972 3 ["PQZ","ZZZ","MVX","RCD","KJZ","VPH"]
1393780094 3 ["PQZ","CFD","SGV","XNZ","KJZ","DTB"]
1398206780 3 ["KQH","KQR","BKZ","NMH","KJZ","XLZ"]
1399316706 3 ["PQZ","ZZZ","BKZ","XCN","TSF","TJD"]
1402601487 3 ["PQZ","RLJ","BKZ","XNZ","BFH","LLJ"]
1403516426 3 ["RMJ","VDX","BKZ","XNZ","BFD","XLZ"]
1404802095 3 ["MXV","ZZZ","RNN","SCN","KJZ","XLZ"]
1412683079 3 ["PQZ","JDV","JHV","XNZ","PQH","XLZ"]
1421215246 3 ["PQZ","NBB","BKZ","GQC","RRR","XLZ"]
1429134718 3 ["BDB","ZZZ","BKZ","XNZ","PCL","GKL"]
1430199647 3 ["XNH","ZZZ","BKZ","MBT","KJZ","MGN"]
1431586064 3 ["PQZ","ZZZ","TTG","XNZ","XFM","JPL"]
1444373985 3 ["PQZ","RJX","KGB","GXR","KJZ","XLZ"]
1445108653 3 ["QLF","ZZZ","BKZ","PCV","HPH","XLZ"]
1445603620 3 ["MXV","KLG","BKZ","XNZ","KJZ","HHB"]
1446294140 3 ["LND","ZZZ","CHX","XNZ","QGT","XLZ"]
1448331174 3 ["PDV","VDT","TNS","XNZ","KJZ","XLZ"]
1452422505 3 ["VQC","ZZZ","HTD","XNZ","KJZ","LVC"]
1457497827 3 ["CDF","HKP","BKZ","XNZ","XFM","XLZ"]
1468117119 3 ["RMJ","TJF","BKZ","LDJ","KJZ","XLZ"]
1469392034 3 ["PQZ","SFL","BKZ","XNZ","TDJ","TCL"]
1470486961 3 ["PQZ","BTG","BKZ","NMH","KJZ","VVM"]
1471189367 3 ["PQZ","ZZZ","NQM","VBV","GRP","XLZ"]
1477056523 3 ["PQZ","ZZZ","BKZ","GHT","HFM","VPH"]
